<?xml version="1.0" encoding="UTF-8"?>
<coverage generated="1647567169901" clover="3.2.0">
  <project timestamp="1647567169901" name="All files">
    <metrics statements="74" coveredstatements="67" conditionals="10" coveredconditionals="9" methods="14" coveredmethods="13" elements="98" coveredelements="89" complexity="0" loc="74" ncloc="74" packages="4" files="7" classes="7"/>
    <package name="components.AppHeader">
      <metrics statements="7" coveredstatements="7" conditionals="0" coveredconditionals="0" methods="1" coveredmethods="1"/>
      <file name="index.tsx" path="/home/sidney/Workspaces/LP4_2022_1/cryptocurrencies-web/src/components/AppHeader/index.tsx">
        <metrics statements="4" coveredstatements="4" conditionals="0" coveredconditionals="0" methods="1" coveredmethods="1"/>
        <line num="1" count="1" type="stmt"/>
        <line num="3" count="1" type="stmt"/>
        <line num="4" count="1" type="stmt"/>
        <line num="11" count="1" type="stmt"/>
      </file>
      <file name="styles.ts" path="/home/sidney/Workspaces/LP4_2022_1/cryptocurrencies-web/src/components/AppHeader/styles.ts">
        <metrics statements="3" coveredstatements="3" conditionals="0" coveredconditionals="0" methods="0" coveredmethods="0"/>
        <line num="1" count="1" type="stmt"/>
        <line num="3" count="1" type="stmt"/>
        <line num="8" count="1" type="stmt"/>
      </file>
    </package>
    <package name="components.CryptoCard">
      <metrics statements="14" coveredstatements="14" conditionals="2" coveredconditionals="2" methods="1" coveredmethods="1"/>
      <file name="index.tsx" path="/home/sidney/Workspaces/LP4_2022_1/cryptocurrencies-web/src/components/CryptoCard/index.tsx">
        <metrics statements="7" coveredstatements="7" conditionals="2" coveredconditionals="2" methods="1" coveredmethods="1"/>
        <line num="1" count="2" type="stmt"/>
        <line num="11" count="2" type="stmt"/>
        <line num="15" count="2" type="stmt"/>
        <line num="19" count="2" type="stmt"/>
        <line num="21" count="1018" type="cond" truecount="2" falsecount="0"/>
        <line num="23" count="1018" type="stmt"/>
        <line num="36" count="2" type="stmt"/>
      </file>
      <file name="styles.ts" path="/home/sidney/Workspaces/LP4_2022_1/cryptocurrencies-web/src/components/CryptoCard/styles.ts">
        <metrics statements="7" coveredstatements="7" conditionals="0" coveredconditionals="0" methods="0" coveredmethods="0"/>
        <line num="1" count="2" type="stmt"/>
        <line num="2" count="2" type="stmt"/>
        <line num="4" count="2" type="stmt"/>
        <line num="18" count="2" type="stmt"/>
        <line num="27" count="2" type="stmt"/>
        <line num="36" count="2" type="stmt"/>
        <line num="45" count="2" type="stmt"/>
      </file>
    </package>
    <package name="pages.Home">
      <metrics statements="33" coveredstatements="33" conditionals="6" coveredconditionals="6" methods="8" coveredmethods="8"/>
      <file name="index.tsx" path="/home/sidney/Workspaces/LP4_2022_1/cryptocurrencies-web/src/pages/Home/index.tsx">
        <metrics statements="29" coveredstatements="29" conditionals="6" coveredconditionals="6" methods="8" coveredmethods="8"/>
        <line num="1" count="1" type="stmt"/>
        <line num="2" count="1" type="stmt"/>
        <line num="4" count="1" type="stmt"/>
        <line num="6" count="1" type="stmt"/>
        <line num="7" count="1" type="stmt"/>
        <line num="9" count="1" type="stmt"/>
        <line num="15" count="18" type="stmt"/>
        <line num="16" count="17" type="stmt"/>
        <line num="17" count="17" type="stmt"/>
        <line num="19" count="17" type="stmt"/>
        <line num="21" count="17" type="stmt"/>
        <line num="22" count="4" type="stmt"/>
        <line num="23" count="4" type="stmt"/>
        <line num="24" count="4" type="stmt"/>
        <line num="25" count="4" type="stmt"/>
        <line num="35" count="17" type="stmt"/>
        <line num="36" count="4" type="stmt"/>
        <line num="39" count="17" type="stmt"/>
        <line num="40" count="1014" type="stmt"/>
        <line num="50" count="17" type="stmt"/>
        <line num="51" count="4" type="cond" truecount="2" falsecount="0"/>
        <line num="52" count="3" type="stmt"/>
        <line num="53" count="750" type="stmt"/>
        <line num="56" count="3" type="stmt"/>
        <line num="58" count="1" type="stmt"/>
        <line num="62" count="17" type="stmt"/>
        <line num="68" count="4" type="stmt"/>
        <line num="71" count="1014" type="stmt"/>
        <line num="84" count="1" type="stmt"/>
      </file>
      <file name="styles.ts" path="/home/sidney/Workspaces/LP4_2022_1/cryptocurrencies-web/src/pages/Home/styles.ts">
        <metrics statements="4" coveredstatements="4" conditionals="0" coveredconditionals="0" methods="0" coveredmethods="0"/>
        <line num="1" count="1" type="stmt"/>
        <line num="3" count="1" type="stmt"/>
        <line num="11" count="1" type="stmt"/>
        <line num="28" count="1" type="stmt"/>
      </file>
    </package>
    <package name="services">
      <metrics statements="20" coveredstatements="13" conditionals="2" coveredconditionals="1" methods="4" coveredmethods="3"/>
      <file name="CurrencyService.ts" path="/home/sidney/Workspaces/LP4_2022_1/cryptocurrencies-web/src/services/CurrencyService.ts">
        <metrics statements="20" coveredstatements="13" conditionals="2" coveredconditionals="1" methods="4" coveredmethods="3"/>
        <line num="1" count="1" type="stmt"/>
        <line num="5" count="1" type="stmt"/>
        <line num="7" count="1" type="stmt"/>
        <line num="11" count="17" type="stmt"/>
        <line num="17" count="4" type="stmt"/>
        <line num="25" count="4" type="stmt"/>
        <line num="27" count="4" type="cond" truecount="1" falsecount="0"/>
        <line num="28" count="4" type="stmt"/>
        <line num="30" count="4" type="stmt"/>
        <line num="37" count="1000" type="stmt"/>
        <line num="39" count="1000" type="stmt"/>
        <line num="47" count="1000" type="stmt"/>
        <line num="51" count="4" type="stmt"/>
        <line num="55" count="0" type="stmt"/>
        <line num="65" count="0" type="stmt"/>
        <line num="74" count="0" type="cond" truecount="0" falsecount="1"/>
        <line num="75" count="0" type="stmt"/>
        <line num="76" count="0" type="stmt"/>
        <line num="77" count="0" type="stmt"/>
        <line num="87" count="0" type="stmt"/>
      </file>
    </package>
  </project>
</coverage>
